        -:    0:Source:Collatz.c++
        -:    0:Graph:Collatz.gcno
        -:    0:Data:Collatz.gcda
        -:    0:Runs:1
        -:    0:Programs:1
        -:    1:// ----------------------------
        -:    2:// projects/collatz/Collatz.c++
        -:    3:// Copyright (C) 2015
        -:    4:// Glenn P. Downing
        -:    5:// ----------------------------
        -:    6:
        -:    7:// --------
        -:    8:// includes
        -:    9:// --------
        -:   10:
        -:   11:#include <cassert>  // assert
        -:   12:#include <iostream> // endl, istream, ostream
        -:   13:#include <sstream>  // istringstream
        -:   14:#include <string>   // getline, string
        -:   15:#include <utility>  // make_pair, pair
        -:   16:
        -:   17:#include "Collatz.h"
        -:   18:
        -:   19:using namespace std;
        -:   20:
        -:   21:// ------------
        -:   22:// collatz_read
        -:   23:// ------------
        -:   24:
function _Z12collatz_readRKSs called 8 returned 100% blocks executed 80%
        8:   25:pair<int, int> collatz_read (const string& s) {
        8:   26:    istringstream sin(s);
call    0 returned 100%
branch  1 taken 100% (fallthrough)
branch  2 taken 0% (throw)
        -:   27:    int i;
        -:   28:    int j;
        8:   29:    sin >> i >> j;
call    0 returned 100%
branch  1 taken 100% (fallthrough)
branch  2 taken 0% (throw)
call    3 returned 100%
branch  4 taken 100% (fallthrough)
branch  5 taken 0% (throw)
        8:   30:    return make_pair(i, j);}
call    0 returned 100%
call    1 returned 100%
call    2 never executed
        -:   31:
        -:   32:// ------------
        -:   33:// collatz_eval
        -:   34:// ------------
        -:   35:
function _Z12collatz_evalii called 11 returned 100% blocks executed 100%
       11:   36:int collatz_eval (int i, int j) {
        -:   37:    //Set i as lower bound and j as uppper
        -:   38:    
       11:   39:    int max =1;
        -:   40:    int cur;
       11:   41:    if (i>j){
branch  0 taken 9% (fallthrough)
branch  1 taken 91%
        1:   42:        cur=j;
        1:   43:        j=i;
        1:   44:        i=cur;
        -:   45:    }
        -:   46:    /*
        -:   47:    if (i <= j/2 +1){
        -:   48:        i=j/2+1;
        -:   49:    }
        -:   50:    */
        -:   51:    
       11:   52:    int cycles=1;
      567:   53:    for (int c=i; c<=j; c++){
branch  0 taken 98%
branch  1 taken 2% (fallthrough)
      556:   54:        cycles=1;
      556:   55:        cur=c; //cur is the current value/ mover for the func
        -:   56:        //loop for collatz
    22570:   57:        while (cur!=1){
branch  0 taken 97%
branch  1 taken 3% (fallthrough)
    21458:   58:            if ((cur%2) == 0){
branch  0 taken 51% (fallthrough)
branch  1 taken 49%
    10939:   59:                cur /= 2;
    10939:   60:                ++cycles;
        -:   61:            }
        -:   62:            else{
    10519:   63:                cur=cur+ (cur/2)+1; // (3n+1)/2
    10519:   64:                cycles+=2;
        -:   65:            }
        -:   66:        }
      556:   67:        if (cycles>max)
branch  0 taken 8% (fallthrough)
branch  1 taken 92%
       47:   68:            max=cycles;
        -:   69:    }
        -:   70:    
        -:   71:    // if x%2==0, >>1, else x=x+x/2+1
        -:   72:    //
        -:   73:    // <your code>
       11:   74:    return max;}
        -:   75:
        -:   76:// -------------
        -:   77:// collatz_print
        -:   78:// -------------
        -:   79:
function _Z13collatz_printRSoiii called 7 returned 100% blocks executed 100%
        7:   80:void collatz_print (ostream& w, int i, int j, int v) {
        7:   81:    w << i << " " << j << " " << v << endl;}
call    0 returned 100%
call    1 returned 100%
call    2 returned 100%
call    3 returned 100%
call    4 returned 100%
call    5 returned 100%
        -:   82:
        -:   83:// -------------
        -:   84:// collatz_solve
        -:   85:// -------------
        -:   86:
function _Z13collatz_solveRSiRSo called 2 returned 100% blocks executed 80%
        2:   87:void collatz_solve (istream& r, ostream& w) {
        2:   88:    string s;
call    0 returned 100%
branch  1 taken 100% (fallthrough)
branch  2 taken 0% (throw)
        9:   89:    while (getline(r, s)) {
call    0 returned 100%
branch  1 taken 100% (fallthrough)
branch  2 taken 0% (throw)
call    3 returned 100%
branch  4 taken 100% (fallthrough)
branch  5 taken 0% (throw)
branch  6 taken 71%
branch  7 taken 29% (fallthrough)
        5:   90:        const pair<int, int> p = collatz_read(s);
call    0 returned 100%
branch  1 taken 100% (fallthrough)
branch  2 taken 0% (throw)
        5:   91:        const int            i = p.first;
        5:   92:        const int            j = p.second;
        5:   93:        const int            v = collatz_eval(i, j);
call    0 returned 100%
function _GLOBAL__sub_I__Z12collatz_readRKSs called 1 returned 100% blocks executed 100%
function _Z41__static_initialization_and_destruction_0ii called 1 returned 100% blocks executed 100%
       10:   94:        collatz_print(w, i, j, v);}}
call    0 returned 100%
branch  1 taken 100% (fallthrough)
branch  2 taken 0%
branch  3 taken 100% (fallthrough)
branch  4 taken 0%
call    5 returned 100%
branch  6 taken 100% (fallthrough)
branch  7 taken 0% (throw)
call    8 returned 100%
call    9 never executed
