        -:    0:Source:Integer.h
        -:    0:Graph:TestInteger.gcno
        -:    0:Data:TestInteger.gcda
        -:    0:Runs:1
        -:    0:Programs:1
        -:    1:// ------------------------------
        -:    2:// projects/c++/integer/Integer.h
        -:    3:// Copyright (C) 2015
        -:    4:// Glenn P. Downing
        -:    5:// ------------------------------
        -:    6:
        -:    7:#ifndef Integer_h
        -:    8:#define Integer_h
        -:    9:
        -:   10:// --------
        -:   11:// includes
        -:   12:// --------
        -:   13:
        -:   14:#include <cassert>   // assert
        -:   15:#include <iostream>  // ostream
        -:   16:#include <stdexcept> // invalid_argument
        -:   17:#include <string>    // string
        -:   18:#include <vector>    // vector
        -:   19:#include <deque>
        -:   20:// -----------------
        -:   21:// shift_left_digits
        -:   22:// -----------------
        -:   23:
        -:   24:/**
        -:   25: * @param b an iterator to the beginning of an input  sequence (inclusive)
        -:   26: * @param e an iterator to the end       of an input  sequence (exclusive)
        -:   27: * @param x an iterator to the beginning of an output sequence (inclusive)
        -:   28: * @return  an iterator to the end       of an output sequence (exclusive)
        -:   29: * the sequences are of decimal digits
        -:   30: * output the shift left of the input sequence into the output sequence
        -:   31: * ([b, e) << n) => x
        -:   32: */
        -:   33:using namespace std;
        -:   34:template <typename II, typename OI>
function _Z17shift_left_digitsIN9__gnu_cxx17__normal_iteratorIPiSt6vectorIiSaIiEEEES6_ET0_T_S8_iS7_ called 6 returned 100% blocks executed 100%
        6:   35:OI shift_left_digits (II b, II e, int n, OI x) {
        -:   36:    	// <your code> - edited
        -:   37:	//this is if we have the least significant digit first
       39:   38:	while (n > 0){
branch  0 taken 82%
branch  1 taken 18% (fallthrough)
       27:   39:                *x = 0;
call    0 returned 100%
       27:   40:                ++x;
call    0 returned 100%
       27:   41:		--n;
        -:   42:        }
       27:   43:	while(b != e){
call    0 returned 100%
branch  1 taken 71%
branch  2 taken 29% (fallthrough)
       15:   44:		*x = *b;
call    0 returned 100%
call    1 returned 100%
       15:   45:		++x;
call    0 returned 100%
       15:   46:		++b;
call    0 returned 100%
        -:   47:	}
        -:   48:	
        6:   49:    	return x;}
        -:   50:
        -:   51:// ------------------
        -:   52:// shift_right_digits
        -:   53:// ------------------
        -:   54:
        -:   55:/**
        -:   56: * @param b an iterator to the beginning of an input  sequence (inclusive)
        -:   57: * @param e an iterator to the end       of an input  sequence (exclusive)
        -:   58: * @param x an iterator to the beginning of an output sequence (inclusive)
        -:   59: * @return  an iterator to the end       of an output sequence (exclusive)
        -:   60: * the sequences are of decimal digits
        -:   61: * output the shift right of the input sequence into the output sequence
        -:   62: * ([b, e) >> n) => x
        -:   63: */
        -:   64:template <typename II, typename OI>
function _Z18shift_right_digitsIN9__gnu_cxx17__normal_iteratorIPiSt6vectorIiSaIiEEEES6_ET0_T_S8_iS7_ called 6 returned 100% blocks executed 100%
        6:   65:OI shift_right_digits (II b, II e, int n, OI x) {
        -:   66:    	// <your code> - edited
        6:   67:	b += n;
call    0 returned 100%
       20:   68:	while(b != e){
call    0 returned 100%
branch  1 taken 57%
branch  2 taken 43% (fallthrough)
        8:   69:		*x = *b;
call    0 returned 100%
call    1 returned 100%
        8:   70:		++x;
call    0 returned 100%
        8:   71:		++b;
call    0 returned 100%
        -:   72:	}
        6:   73:    	return x;}
        -:   74:
        -:   75:// -----------
        -:   76:// plus_digits
        -:   77:// -----------
        -:   78:
        -:   79:/**
        -:   80: * @param b  an iterator to the beginning of an input  sequence (inclusive)
        -:   81: * @param e  an iterator to the end       of an input  sequence (exclusive)
        -:   82: * @param b2 an iterator to the beginning of an input  sequence (inclusive)
        -:   83: * @param e2 an iterator to the end       of an input  sequence (exclusive)
        -:   84: * @param x  an iterator to the beginning of an output sequence (inclusive)
        -:   85: * @return   an iterator to the end       of an output sequence (exclusive)
        -:   86: * the sequences are of decimal digits
        -:   87: * output the sum of the two input sequences into the output sequence
        -:   88: * ([b1, e1) + [b2, e2)) => x
        -:   89: */
        -:   90:template <typename II1, typename II2, typename OI>
function _Z11plus_digitsIN9__gnu_cxx17__normal_iteratorIPiSt6vectorIiSaIiEEEENS1_IPKiS5_EES6_ET1_T_SB_T0_SC_SA_ called 8 returned 100% blocks executed 100%
function _Z11plus_digitsIN9__gnu_cxx17__normal_iteratorIPiSt6vectorIiSaIiEEEES6_S6_ET1_T_S8_T0_S9_S7_ called 3 returned 100% blocks executed 100%
       11:   91:OI plus_digits (II1 b1, II1 e1, II2 b2, II2 e2, OI x) {
        -:   92:    	// <your code> - edited
       11:   93:	int carry = 0;
       49:   94:	while(b1 != e1 || b2 != e2){
call    0 returned 100%
branch  1 taken 42% (fallthrough)
branch  2 taken 58%
call    3 returned 100%
branch  4 taken 27% (fallthrough)
branch  5 taken 73%
branch  6 taken 69%
branch  7 taken 31% (fallthrough)
call    8 returned 100%
branch  9 taken 42% (fallthrough)
branch 10 taken 58%
call   11 returned 100%
branch 12 taken 40% (fallthrough)
branch 13 taken 60%
branch 14 taken 75%
branch 15 taken 25% (fallthrough)
       27:   95:		*x += carry;
call    0 returned 100%
call    1 returned 100%
       27:   96:		if(b1 != e1){
call    0 returned 100%
branch  1 taken 83% (fallthrough)
branch  2 taken 17%
call    3 returned 100%
branch  4 taken 78% (fallthrough)
branch  5 taken 22%
       22:   97:			*x += *b1;
call    0 returned 100%
call    1 returned 100%
call    2 returned 100%
call    3 returned 100%
       22:   98:			++b1;
call    0 returned 100%
call    1 returned 100%
        -:   99:		}
       27:  100:		if(b2 != e2){
call    0 returned 100%
branch  1 taken 67% (fallthrough)
branch  2 taken 33%
call    3 returned 100%
branch  4 taken 89% (fallthrough)
branch  5 taken 11%
       20:  101:			*x += *b2;
call    0 returned 100%
call    1 returned 100%
call    2 returned 100%
call    3 returned 100%
       20:  102:			++b2;
call    0 returned 100%
call    1 returned 100%
        -:  103:		}
       27:  104:		carry = *x / 10;
call    0 returned 100%
call    1 returned 100%
       27:  105:		*x %= 10;
call    0 returned 100%
call    1 returned 100%
       27:  106:		++x;
call    0 returned 100%
call    1 returned 100%
        -:  107:	}
       11:  108:	if(carry != 0){
branch  0 taken 25% (fallthrough)
branch  1 taken 75%
branch  2 taken 33% (fallthrough)
branch  3 taken 67%
        3:  109:		*x = carry;
call    0 returned 100%
call    1 returned 100%
        3:  110:		++x;
call    0 returned 100%
call    1 returned 100%
        -:  111:	}
       11:  112:    	return x;}
        -:  113:
        -:  114:// ------------
        -:  115:// minus_digits
        -:  116:// ------------
        -:  117:
        -:  118:/**
        -:  119: * @param b  an iterator to the beginning of an input  sequence (inclusive)
        -:  120: * @param e  an iterator to the end       of an input  sequence (exclusive)
        -:  121: * @param b2 an iterator to the beginning of an input  sequence (inclusive)
        -:  122: * @param e2 an iterator to the end       of an input  sequence (exclusive)
        -:  123: * @param x  an iterator to the beginning of an output sequence (inclusive)
        -:  124: * @return   an iterator to the end       of an output sequence (exclusive)
        -:  125: * the sequences are of decimal digits
        -:  126: * output the difference of the two input sequences into the output sequence
        -:  127: * ([b1, e1) - [b2, e2)) => x
        -:  128: */
        -:  129:template <typename II1, typename II2, typename OI>
function _Z12minus_digitsIN9__gnu_cxx17__normal_iteratorIPKiSt6vectorIiSaIiEEEENS1_IPiS6_EES9_ET1_T_SB_T0_SC_SA_ called 1 returned 100% blocks executed 71%
function _Z12minus_digitsIN9__gnu_cxx17__normal_iteratorIPiSt6vectorIiSaIiEEEENS1_IPKiS5_EES6_ET1_T_SB_T0_SC_SA_ called 5 returned 100% blocks executed 100%
function _Z12minus_digitsIN9__gnu_cxx17__normal_iteratorIPiSt6vectorIiSaIiEEEES6_S6_ET1_T_S8_T0_S9_S7_ called 3 returned 100% blocks executed 95%
        9:  130:OI minus_digits (II1 b1, II1 e1, II2 b2, II2 e2, OI x) {
        -:  131:    	// <your code> - editing
        9:  132:	bool remove = false;
       39:  133:	while(b1 != e1){
call    0 returned 100%
branch  1 taken 50%
branch  2 taken 50% (fallthrough)
call    3 returned 100%
branch  4 taken 69%
branch  5 taken 31% (fallthrough)
call    6 returned 100%
branch  7 taken 75%
branch  8 taken 25% (fallthrough)
       21:  134:        int temp = *b1;
call    0 returned 100%
call    1 returned 100%
call    2 returned 100%
       21:  135:		if(remove){
branch  0 taken 0% (fallthrough)
branch  1 taken 100%
branch  2 taken 27% (fallthrough)
branch  3 taken 73%
branch  4 taken 33% (fallthrough)
branch  5 taken 67%
        6:  136:			--temp;
        6:  137:			remove = false;
        -:  138:		}
       21:  139:		if(b2 != e2){
call    0 returned 100%
branch  1 taken 100% (fallthrough)
branch  2 taken 0%
call    3 returned 100%
branch  4 taken 64% (fallthrough)
branch  5 taken 36%
call    6 returned 100%
branch  7 taken 78% (fallthrough)
branch  8 taken 22%
       15:  140:			int temp2 = *b2;
call    0 returned 100%
call    1 returned 100%
call    2 returned 100%
       15:  141:			if(temp < temp2){
branch  0 taken 0% (fallthrough)
branch  1 taken 100%
branch  2 taken 14% (fallthrough)
branch  3 taken 86%
branch  4 taken 43% (fallthrough)
branch  5 taken 57%
        4:  142:				remove = true;
        4:  143:				temp += 10;
        -:  144:			}
       15:  145:			*x = temp - temp2;
call    0 returned 100%
call    1 returned 100%
call    2 returned 100%
       15:  146:			++b2;
call    0 returned 100%
call    1 returned 100%
call    2 returned 100%
        -:  147:		}
        -:  148:		else{
        6:  149:			if (temp == -1){
branch  0 never executed
branch  1 never executed
branch  2 taken 50% (fallthrough)
branch  3 taken 50%
branch  4 taken 0% (fallthrough)
branch  5 taken 100%
        2:  150:				temp += 10;
        2:  151:				remove = true;
        -:  152:			}
        6:  153:			*x = temp;
call    0 never executed
call    1 returned 100%
call    2 returned 100%
        -:  154:		}
       21:  155:		++b1;
call    0 returned 100%
call    1 returned 100%
call    2 returned 100%
       21:  156:		++x;
call    0 returned 100%
call    1 returned 100%
call    2 returned 100%
        -:  157:		
        -:  158:	}
        -:  159:	
        9:  160:    	return x;}
        -:  161:
        -:  162:// -----------------
        -:  163:// multiplies_digits
        -:  164:// -----------------
        -:  165:
        -:  166:/**
        -:  167: * @param b  an iterator to the beginning of an input  sequence (inclusive)
        -:  168: * @param e  an iterator to the end       of an input  sequence (exclusive)
        -:  169: * @param b2 an iterator to the beginning of an input  sequence (inclusive)
        -:  170: * @param e2 an iterator to the end       of an input  sequence (exclusive)
        -:  171: * @param x  an iterator to the beginning of an output sequence (inclusive)
        -:  172: * @return   an iterator to the end       of an output sequence (exclusive)
        -:  173: * the sequences are of decimal digits
        -:  174: * output the product of the two input sequences into the output sequence
        -:  175: * ([b1, e1) * [b2, e2)) => x
        -:  176: */
        -:  177:
        -:  178:template <typename II1, typename II2, typename FI>
function _Z17multiplies_digitsIN9__gnu_cxx17__normal_iteratorIPKiSt6vectorIiSaIiEEEENS1_IPiS6_EES9_ET1_T_SB_T0_SC_SA_ called 9 returned 100% blocks executed 96%
function _Z17multiplies_digitsIN9__gnu_cxx17__normal_iteratorIPiSt6vectorIiSaIiEEEES6_S6_ET1_T_S8_T0_S9_S7_ called 4 returned 100% blocks executed 96%
       13:  179:FI multiplies_digits (II1 b1, II1 e1, II2 b2, II2 e2, FI x) {
       13:  180:    int add=0;
       13:  181:    auto b2_t = b2;
       49:  182:    while (b1!=e1){
call    0 returned 100%
branch  1 taken 100% (fallthrough)
branch  2 taken 0% (throw)
branch  3 taken 55%
branch  4 taken 45% (fallthrough)
call    5 returned 100%
branch  6 taken 100% (fallthrough)
branch  7 taken 0% (throw)
branch  8 taken 75%
branch  9 taken 25% (fallthrough)
       23:  183:        auto output = x;
       23:  184:        add=0;
       23:  185:        int carry = 0;
       23:  186:        int var_1 = *b1;
call    0 returned 100%
call    1 returned 100%
        -:  187:        //cout << *b1 << endl;
       23:  188:        b2_t = b2;
       91:  189:        while (b2_t!=e2){
call    0 returned 100%
branch  1 taken 100% (fallthrough)
branch  2 taken 0% (throw)
branch  3 taken 66%
branch  4 taken 34% (fallthrough)
call    5 returned 100%
branch  6 taken 100% (fallthrough)
branch  7 taken 0% (throw)
branch  8 taken 67%
branch  9 taken 33% (fallthrough)
       45:  190:            int temp = carry + (var_1 * *b2_t) + *output;
call    0 returned 100%
call    1 returned 100%
call    2 returned 100%
call    3 returned 100%
        -:  191:            //cout << temp << "  ";
       45:  192:            carry = temp / 10;
       45:  193:            *output = temp % 10;
call    0 returned 100%
call    1 returned 100%
       45:  194:            ++output;
call    0 returned 100%
call    1 returned 100%
       45:  195:            ++b2_t;
call    0 returned 100%
call    1 returned 100%
        -:  196:        }
       53:  197:        while (carry!=0){
branch  0 taken 27%
branch  1 taken 73% (fallthrough)
branch  2 taken 20%
branch  3 taken 80% (fallthrough)
        7:  198:            ++add;
        7:  199:            *output+=carry%10;
call    0 returned 100%
call    1 returned 100%
        7:  200:            carry/=10;
        7:  201:            ++output;
call    0 returned 100%
call    1 returned 100%
        -:  202:        }
        -:  203:        //cout << endl;
       23:  204:        ++b1;
call    0 returned 100%
call    1 returned 100%
        -:  205:        //++temp;
       23:  206:        ++x;
call    0 returned 100%
call    1 returned 100%
        -:  207:    }
       13:  208:    return x+add;}
call    0 returned 100%
call    1 returned 100%
        -:  209:
        -:  210:
        -:  211:// --------------
        -:  212:// divides_digits
        -:  213:// --------------
        -:  214:
        -:  215:/**
        -:  216: * @param b  an iterator to the beginning of an input  sequence (inclusive)
        -:  217: * @param e  an iterator to the end       of an input  sequence (exclusive)
        -:  218: * @param b2 an iterator to the beginning of an input  sequence (inclusive)
        -:  219: * @param e2 an iterator to the end       of an input  sequence (exclusive)
        -:  220: * @param x  an iterator to the beginning of an output sequence (inclusive)
        -:  221: * @return   an iterator to the end       of an output sequence (exclusive)
        -:  222: * the sequences are of decimal digits
        -:  223: * output the division of the two input sequences into the output sequence
        -:  224: * ([b1, e1) / [b2, e2)) => x
        -:  225: */
        -:  226:template <typename II1, typename II2, typename FI>
        -:  227:FI divides_digits (II1 b1, II1 e1, II2 b2, II2 e2, FI x) {
        -:  228:    // <your code>
        -:  229:    return x;}
        -:  230:
        -:  231:// -------
        -:  232:// Integer
        -:  233:// -------
        -:  234:
        -:  235:template < typename T, typename C = std::vector<T> >
function _ZN7IntegerIiSt6vectorIiSaIiEEEC2ERKS3_ called 32 returned 100% blocks executed 100%
function _ZN7IntegerIiSt6vectorIiSaIiEEEaSERKS3_ called 29 returned 100% blocks executed 100%
function _ZN7IntegerIiSt6vectorIiSaIiEEEaSEOS3_ called 5 returned 100% blocks executed 100%
function _ZN7IntegerIiSt5dequeIiSaIiEEED2Ev called 3 returned 100% blocks executed 100%
function _ZN7IntegerIiSt6vectorIiSaIiEEED2Ev called 156 returned 100% blocks executed 100%
      225:  236:class Integer {
call    0 returned 100%
call    1 returned 100%
call    2 returned 100%
call    3 returned 100%
call    4 returned 100%
        -:  237:    // -----------
        -:  238:    // operator ==
        -:  239:    // -----------
        -:  240:
        -:  241:    /**
        -:  242:     *  @param const Integer& lhs is *this
        -:  243:     * @param const Integer& rhs
        -:  244:     * @return lhs==rhs
        -:  245:     */
function _ZeqRK7IntegerIiSt6vectorIiSaIiEEES5_ called 32 returned 100% blocks executed 91%
       32:  246:    friend bool operator == (const Integer& lhs, const Integer& rhs) {
        -:  247:        // <your code> - editing
       32:  248:	if(lhs.neg != rhs.neg)
branch  0 taken 0% (fallthrough)
branch  1 taken 100%
    #####:  249:		return false;
       32:  250:	auto b1 = lhs._x.begin();
call    0 returned 100%
       32:  251:	auto e1 = lhs._x.end();
call    0 returned 100%
       32:  252:	auto b2 = rhs._x.begin();
call    0 returned 100%
       32:  253:	auto e2 = rhs._x.end();
call    0 returned 100%
       32:  254:	if((e2-b2) != (e1-b1))
call    0 returned 100%
branch  1 taken 100% (fallthrough)
branch  2 taken 0% (throw)
call    3 returned 100%
branch  4 taken 100% (fallthrough)
branch  5 taken 0% (throw)
branch  6 taken 0% (fallthrough)
branch  7 taken 100%
    #####:  255:		return false;
      139:  256:	while(b1 != e1){
call    0 returned 100%
branch  1 taken 100% (fallthrough)
branch  2 taken 0% (throw)
branch  3 taken 72%
branch  4 taken 28% (fallthrough)
       77:  257:		int temp = *b1;
call    0 returned 100%
       77:  258:		int temp2 = *b2;
call    0 returned 100%
        -:  259:		//printf("%d, %d\n", temp, temp2);
       77:  260:		if(temp != temp2)
branch  0 taken 3% (fallthrough)
branch  1 taken 97%
        2:  261:			return false;
       75:  262:		++b1;
call    0 returned 100%
       75:  263:		++b2;
call    0 returned 100%
        -:  264:	}
       30:  265:        return true;}
        -:  266:
        -:  267:    // -----------
        -:  268:    // operator !=
        -:  269:    // -----------
        -:  270:
        -:  271:    /**
        -:  272:     * @param const Integer& lhs is *this
        -:  273:     * @param const Integer& rhs
        -:  274:     * @return !(lhs==rhs)
        -:  275:     */
function _ZneRK7IntegerIiSt6vectorIiSaIiEEES5_ called 2 returned 100% blocks executed 100%
        2:  276:    friend bool operator != (const Integer& lhs, const Integer& rhs) {
        2:  277:        return !(lhs == rhs);}
call    0 returned 100%
        -:  278:
        -:  279:    // ----------
        -:  280:    // operator <
        -:  281:    // ----------
        -:  282:
        -:  283:    /**
        -:  284:     * @param lhs const Integer class 
        -:  285:     * @param rhs const Integer class 
        -:  286:     * @return   a boolan value if lhs < rhs
        -:  287:     * determines if the Integer lhs < Integer rhs
        -:  288:     */
function _ZltRK7IntegerIiSt6vectorIiSaIiEEES5_ called 10 returned 100% blocks executed 97%
       10:  289:    friend bool operator < (const Integer& lhs, const Integer& rhs) {
        -:  290:        // <your code>
       10:  291:	if(lhs.neg && !rhs.neg)
branch  0 taken 30% (fallthrough)
branch  1 taken 70%
branch  2 taken 67% (fallthrough)
branch  3 taken 33%
        2:  292:		return true;
        8:  293:	else if(!lhs.neg && rhs.neg)
branch  0 taken 88% (fallthrough)
branch  1 taken 13%
branch  2 taken 0% (fallthrough)
branch  3 taken 100%
    #####:  294:		return false;
        -:  295:	else{
        8:  296:        	auto b1 = lhs._x.begin();
call    0 returned 100%
        8:  297:        	auto e1 = lhs._x.end();
call    0 returned 100%
        8:  298:        	auto b2 = rhs._x.begin();
call    0 returned 100%
        8:  299:        	auto e2 = rhs._x.end();
call    0 returned 100%
        8:  300:		int l = 0;
        8:  301:		int r = 0;
        8:  302:		int i = 1;
       28:  303:		while(b1 != e1){
call    0 returned 100%
branch  1 taken 100% (fallthrough)
branch  2 taken 0% (throw)
branch  3 taken 60%
branch  4 taken 40% (fallthrough)
       12:  304:			l += (*b1 * i);
call    0 returned 100%
       12:  305:			i *= 10;
       12:  306:			++b1;
call    0 returned 100%
        -:  307:		}	
        8:  308:		i = 1;
       32:  309:		while(b2 != e2){
call    0 returned 100%
branch  1 taken 100% (fallthrough)
branch  2 taken 0% (throw)
branch  3 taken 67%
branch  4 taken 33% (fallthrough)
       16:  310:                        r += (*b2 * i);
call    0 returned 100%
       16:  311:                        i *= 10;
       16:  312:                        ++b2;
call    0 returned 100%
        -:  313:                }
        8:  314:		if(l < r && !lhs.neg)
branch  0 taken 75% (fallthrough)
branch  1 taken 25%
branch  2 taken 100% (fallthrough)
branch  3 taken 0%
        6:  315:			return true;
        2:  316:		else if(l > r && lhs.neg)
branch  0 taken 100% (fallthrough)
branch  1 taken 0%
branch  2 taken 50% (fallthrough)
branch  3 taken 50%
        1:  317:			return true;
        -:  318:		else
        1:  319:			return false;	
        -:  320:	}
        -:  321:    }
        -:  322:
        -:  323:    // -----------
        -:  324:    // operator <=
        -:  325:    // -----------
        -:  326:
        -:  327:    /**
        -:  328:     * @param lhs const Integer class 
        -:  329:     * @param rhs const Integer class 
        -:  330:     * @return   a boolan value if lhs <= rhs
        -:  331:     * determines if the Integer lhs <= Integer rhs
        -:  332:     */
        -:  333:    friend bool operator <= (const Integer& lhs, const Integer& rhs) {
        -:  334:        return !(rhs < lhs);}
        -:  335:
        -:  336:    // ----------
        -:  337:    // operator >
        -:  338:    // ----------
        -:  339:
        -:  340:    /**
        -:  341:     * @param lhs const Integer class 
        -:  342:     * @param rhs const Integer class 
        -:  343:     * @return   a boolan value if lhs > rhs
        -:  344:     * determines if the Integer lhs > Integer rhs 
        -:  345:     * */
function _ZgtRK7IntegerIiSt6vectorIiSaIiEEES5_ called 6 returned 100% blocks executed 100%
        6:  346:    friend bool operator > (const Integer& lhs, const Integer& rhs) {
        6:  347:        return (rhs < lhs);}
call    0 returned 100%
        -:  348:
        -:  349:    // -----------
        -:  350:    // operator >=
        -:  351:    // -----------
        -:  352:
        -:  353:    /**
        -:  354:     * @param lhs const Integer class 
        -:  355:     * @param rhs const Integer class 
        -:  356:     * @return   a boolan value if lhs > rhs
        -:  357:     * determines if the Integer lhs > Integer rhs 
        -:  358:     * */
        -:  359:    friend bool operator >= (const Integer& lhs, const Integer& rhs) {
        -:  360:        return !(lhs < rhs);}
        -:  361:
        -:  362:    // ----------
        -:  363:    // operator +
        -:  364:    // ----------
        -:  365:
        -:  366:    /**
        -:  367:     * @param lhs Integer class 
        -:  368:     * @param rhs const Integer class 
        -:  369:     * @return  r-value of lhs + rhs
        -:  370:     * Calls lhs+=rhs. 
        -:  371:     * Adds rhs to lhs. 
        -:  372:     * Lhs is modified 
        -:  373:     */
        -:  374:    friend Integer operator + (Integer lhs, const Integer& rhs) {
        -:  375:        return lhs += rhs;}
        -:  376:
        -:  377:    // ----------
        -:  378:    // operator -
        -:  379:    // ----------
        -:  380:
        -:  381:    /**
        -:  382:     * @param lhs Integer class 
        -:  383:     * @param rhs const Integer class 
        -:  384:     * @return  l-value lhs.
        -:  385:     * lhs= lhs-rhs
        -:  386:     * Calls -=
        -:  387:     */
        -:  388:    friend Integer operator - (Integer lhs, const Integer& rhs) {
        -:  389:	return lhs -= rhs;}
        -:  390:
        -:  391:    // ----------
        -:  392:    // operator *
        -:  393:    // ----------
        -:  394:
        -:  395:    /**
        -:  396:     * @param lhs Integer class 
        -:  397:     * @param rhs const Integer class 
        -:  398:     * @return  l-value lhs.
        -:  399:     * lhs= lhs*rhs
        -:  400:     * Calls *=
        -:  401:     */
function _Zml7IntegerIiSt6vectorIiSaIiEEERKS3_ called 6 returned 100% blocks executed 100%
        6:  402:    friend Integer operator * (Integer lhs, const Integer& rhs) {
        6:  403:        return lhs *= rhs;}
call    0 returned 100%
call    1 returned 100%
        -:  404:
        -:  405:    // ----------
        -:  406:    // operator /
        -:  407:    // ----------
        -:  408:
        -:  409:    /**
        -:  410:     * @param lhs Integer class 
        -:  411:     * @param rhs const Integer class 
        -:  412:     * @return  l-value lhs.
        -:  413:     * lhs= lhs/rhs
        -:  414:     * Calls /=
        -:  415:     * @throws invalid_argument if (rhs == 0)
        -:  416:     */
        -:  417:    friend Integer operator / (Integer lhs, const Integer& rhs) {
        -:  418:
        -:  419:        if (rhs.size() == 0 || rhs.size()==1 && rhs._x[0]==0)
        -:  420:            throw std::invalid_argument("integer::integer()");
        -:  421:        return lhs /= rhs;}
        -:  422:
        -:  423:    // ----------
        -:  424:    // operator %
        -:  425:    // ----------
        -:  426:
        -:  427:    /**
        -:  428:     * @param lhs Integer class 
        -:  429:     * @param rhs const Integer class 
        -:  430:     * @return  l-value lhs.
        -:  431:     * lhs= lhs % rhs
        -:  432:     * Calls %=
        -:  433:     * @throws invalid_argument if (rhs <= 0)
        -:  434:     */
        -:  435:    friend Integer operator % (Integer lhs, const Integer& rhs) {
        -:  436:        if (rhs<=0)
        -:  437:            throw std::invalid_argument("integer::integer()");
        -:  438:        return lhs %= rhs;}
        -:  439:
        -:  440:    // -----------
        -:  441:    // operator <<
        -:  442:    // -----------
        -:  443:
        -:  444:    /**
        -:  445:     * @param lhs Integer class 
        -:  446:     * @param int rhs 
        -:  447:     * @return  lhs<<rhs
        -:  448:     * lhs= lhs << rhs
        -:  449:     * Calls <<=
        -:  450:     * if lhs== 100, rhs==2, return==10000
        -:  451:     * @throws invalid_argument if (rhs < 0)
        -:  452:     */
        -:  453:    friend Integer operator << (Integer lhs, int rhs) {
        -:  454:        if (rhs<0)
        -:  455:            throw std::invalid_argument("Integer::Integer()");
        -:  456:        return lhs <<= rhs;}
        -:  457:
        -:  458:    // -----------
        -:  459:    // operator >>
        -:  460:    // -----------
        -:  461:
        -:  462:    /**
        -:  463:     * @param lhs Integer class 
        -:  464:     * @param rhs const Integer class 
        -:  465:     * @return  l-value lhs.
        -:  466:     * lhs= lhs % rhs
        -:  467:     * Calls <<=
        -:  468:     * @throws invalid_argument if (rhs < 0)
        -:  469:
        -:  470:     * @throws invalid_argument if (rhs < 0)
        -:  471:     */
        -:  472:    friend Integer operator >> (Integer lhs, int rhs) {
        -:  473:        if (rhs<0)
        -:  474:            throw std::invalid_argument("Integer::Integer()");
        -:  475:        return lhs >>= rhs;}
        -:  476:
        -:  477:    // -----------
        -:  478:    // operator <<
        -:  479:    // -----------
        -:  480:
        -:  481:    /**
        -:  482:     * @param lhs ostream 
        -:  483:     * @param const Integer rhs
        -:  484:     * @return  void
        -:  485:     * Outputs rhs to lhs
        -:  486:     * Outputs the largest value to smallest, so
        -:  487:     * rhs= Integer <T,C> (12345),
        -:  488:     * output= 12345
        -:  489:     * Goes from end of rhs._x to begining
        -:  490:     */
function _ZlsRSoRK7IntegerIiSt6vectorIiSaIiEEE called 0 returned 0% blocks executed 0%
    #####:  491:    friend std::ostream& operator << (std::ostream& lhs, const Integer& rhs) {
        -:  492:        	// <your code> - edited
    #####:  493:		if(rhs.neg)
branch  0 never executed
branch  1 never executed
    #####:  494:			lhs << '-';
call    0 never executed
branch  1 never executed
branch  2 never executed
    #####:  495:		auto e = rhs._x.end();
call    0 never executed
    #####:  496:		auto b = rhs._x.begin();
call    0 never executed
    #####:  497:		while(e != b){
call    0 never executed
branch  1 never executed
branch  2 never executed
branch  3 never executed
branch  4 never executed
    #####:  498:			--e;
call    0 never executed
    #####:  499:            		lhs << *e;	
call    0 never executed
call    1 never executed
branch  2 never executed
branch  3 never executed
        -:  500:		}
    #####:  501:        	return lhs << std::endl;}
call    0 never executed
branch  1 never executed
branch  2 never executed
        -:  502:
        -:  503:    // ---
        -:  504:    // abs
        -:  505:    // ---
        -:  506:
        -:  507:    /**
        -:  508:     * absolute value
        -:  509:     * @param Integer x
        -:  510:     * @return Integer x. 
        -:  511:     * Makes x positive
        -:  512:     */
        -:  513:    friend Integer abs (Integer x) {
        -:  514:        return x.abs();}
        -:  515:
        -:  516:    // ---
        -:  517:    // pow
        -:  518:    // ---
        -:  519:
        -:  520:    /**
        -:  521:     * power
        -:  522:     * @param Integer x
        -:  523:     * @param int e
        -:  524:     * @return l-value x, x= x^e.
        -:  525:     * @throws invalid_argument if ((x == 0) && (e == 0)) || (e < 0)
        -:  526:     * calls .pow()
        -:  527:     * throw handled in .pow()
        -:  528:     * Raises x to the power of e
        -:  529:     */
        -:  530:    friend Integer pow (Integer x, int e) {
        -:  531:        return x.pow(e);}
        -:  532:
        -:  533:    private:
        -:  534:        // ----
        -:  535:        // data
        -:  536:        // ----
        -:  537:
        -:  538:        C _x; // the backing container
        -:  539:	    bool neg; //used to tell if negative or not
        -:  540:
        -:  541:    private:
        -:  542:        // -----
        -:  543:        // valid
        -:  544:        // -----
        -:  545:
function _ZNK7IntegerIiSt5dequeIiSaIiEEE5validEv called 3 returned 100% blocks executed 84%
function _ZNK7IntegerIiSt6vectorIiSaIiEEE5validEv called 126 returned 100% blocks executed 95%
      129:  546:        bool valid () const { // class invariant
      129:  547:            auto iter = _x.begin();
call    0 returned 100%
call    1 returned 100%
      569:  548:            while (iter != _x.end()){
call    0 returned 100%
call    1 returned 100%
branch  2 taken 100% (fallthrough)
branch  3 taken 0% (throw)
branch  4 taken 88%
branch  5 taken 12% (fallthrough)
call    6 returned 100%
call    7 returned 100%
branch  8 taken 100% (fallthrough)
branch  9 taken 0% (throw)
branch 10 taken 70%
branch 11 taken 30% (fallthrough)
      313:  549:                if (*iter<0 || *iter>9)
call    0 returned 100%
branch  1 taken 100% (fallthrough)
branch  2 taken 0%
call    3 returned 100%
branch  4 taken 0% (fallthrough)
branch  5 taken 100%
branch  6 taken 0% (fallthrough)
branch  7 taken 100%
call    8 returned 100%
branch  9 taken 99% (fallthrough)
branch 10 taken 1%
call   11 returned 100%
branch 12 taken 1% (fallthrough)
branch 13 taken 99%
branch 14 taken 1% (fallthrough)
branch 15 taken 99%
        2:  550:                    return false;
      311:  551:                ++iter;
call    0 returned 100%
branch  1 taken 100% (fallthrough)
branch  2 taken 0% (throw)
call    3 returned 100%
        -:  552:            }
      127:  553:            return true;}
        -:  554:
        -:  555:    public:
        -:  556:        // ------------
        -:  557:        // constructors
        -:  558:        // ------------
        -:  559:
        -:  560:        /**
        -:  561:         * @param value, makes an Integer class with default container of vector<int>
        -:  562:         * @return returns an Integer variable where the container within holds a parsed int variable
        -:  563:         * So if Integer(123) was called, _x[0]==3, _x[1]==2, _x[2]==3
        -:  564:         * Can take in negative values
        -:  565:         * @throws exception if value is not valid
        -:  566:         * */
function _ZN7IntegerIiSt5dequeIiSaIiEEEC2Ei called 2 returned 100% blocks executed 71%
function _ZN7IntegerIiSt6vectorIiSaIiEEEC2Ei called 123 returned 100% blocks executed 82%
      125:  567:        Integer (int value) {
call    0 returned 100%
call    1 never executed
call    2 returned 100%
call    3 never executed
        -:  568:            	// <your code> - edited
        -:  569:		
      125:  570:	        if(value == 0){
branch  0 taken 0% (fallthrough)
branch  1 taken 100%
branch  2 taken 29% (fallthrough)
branch  3 taken 71%
       36:  571:			_x.push_back(value);
call    0 never executed
branch  1 never executed
branch  2 never executed
call    3 returned 100%
branch  4 taken 100% (fallthrough)
branch  5 taken 0% (throw)
       36:  572:			neg = false;
        -:  573:		}
        -:  574:		else{
       89:  575:	        	neg = value < 0;
       89:  576:            		if (value<0)
branch  0 taken 50% (fallthrough)
branch  1 taken 50%
branch  2 taken 26% (fallthrough)
branch  3 taken 74%
       24:  577:                		value*=-1;
      383:  578:			while(value != 0){
branch  0 taken 88%
branch  1 taken 13% (fallthrough)
branch  2 taken 69%
branch  3 taken 31% (fallthrough)
      205:  579:				_x.push_back(value % 10);
call    0 returned 100%
branch  1 taken 100% (fallthrough)
branch  2 taken 0% (throw)
call    3 returned 100%
branch  4 taken 100% (fallthrough)
branch  5 taken 0% (throw)
      205:  580:				value /= 10;
        -:  581:			}
        -:  582:		}
      125:  583:       		assert(valid());}
call    0 returned 100%
branch  1 taken 100% (fallthrough)
branch  2 taken 0% (throw)
branch  3 taken 0% (fallthrough)
branch  4 taken 100%
call    5 never executed
call    6 returned 100%
branch  7 taken 100% (fallthrough)
branch  8 taken 0% (throw)
branch  9 taken 0% (fallthrough)
branch 10 taken 100%
call   11 never executed
        -:  584:
        -:  585:        /**
        -:  586:         * @param std::string value, makes an Integer class with default container of vector<int>
        -:  587:         * @return returns an Integer variable where the container within holds a parsed int variable
        -:  588:         * Parses the string into the backing container _x
        -:  589:         * So if Integer("123") was called, _x[0]==3, _x[1]==2, _x[2]==3
        -:  590:         * Can take in negative values
        -:  591:         * @throws invalid_argument if value is not a valid representation of an Integer (if a character is passed in instead of a valid number
        -:  592:         */
function _ZN7IntegerIiSt5dequeIiSaIiEEEC2ERKSs called 1 returned 100% blocks executed 44%
function _ZN7IntegerIiSt6vectorIiSaIiEEEC2ERKSs called 3 returned 33% blocks executed 74%
        6:  593:        explicit Integer (const std::string& value) {
call    0 returned 100%
call    1 never executed
call    2 returned 100%
call    3 returned 100%
        4:  594:            bool is_neg=false;
        4:  595:            if (value[0]=='-'){
call    0 returned 100%
branch  1 taken 100% (fallthrough)
branch  2 taken 0% (throw)
branch  3 taken 100% (fallthrough)
branch  4 taken 0%
call    5 returned 100%
branch  6 taken 100% (fallthrough)
branch  7 taken 0% (throw)
branch  8 taken 0% (fallthrough)
branch  9 taken 100%
        1:  596:                neg=true;
        1:  597:                is_neg=true;
        -:  598:            }
       75:  599:            for (int c= value.size()-1; c>=1; c--){
call    0 returned 100%
branch  1 taken 89%
branch  2 taken 11% (fallthrough)
call    3 returned 100%
branch  4 taken 95%
branch  5 taken 5% (fallthrough)
       71:  600:                _x.push_back((int)(value[c]-'0'));
call    0 returned 100%
branch  1 taken 100% (fallthrough)
branch  2 taken 0% (throw)
call    3 returned 100%
branch  4 taken 100% (fallthrough)
branch  5 taken 0% (throw)
call    6 returned 100%
branch  7 taken 100% (fallthrough)
branch  8 taken 0% (throw)
call    9 returned 100%
branch 10 taken 100% (fallthrough)
branch 11 taken 0% (throw)
        -:  601:            }
        4:  602:            if (!is_neg){
branch  0 taken 0% (fallthrough)
branch  1 taken 100%
branch  2 taken 100% (fallthrough)
branch  3 taken 0%
        3:  603:                _x.push_back((int)value[0]-'0');
call    0 never executed
branch  1 never executed
branch  2 never executed
call    3 never executed
branch  4 never executed
branch  5 never executed
call    6 returned 100%
branch  7 taken 100% (fallthrough)
branch  8 taken 0% (throw)
call    9 returned 100%
branch 10 taken 100% (fallthrough)
branch 11 taken 0% (throw)
        -:  604:            }
        4:  605:            if (!valid())
call    0 returned 100%
branch  1 taken 100% (fallthrough)
branch  2 taken 0% (throw)
branch  3 taken 0% (fallthrough)
branch  4 taken 100%
call    5 returned 100%
branch  6 taken 100% (fallthrough)
branch  7 taken 0% (throw)
branch  8 taken 67% (fallthrough)
branch  9 taken 33%
        2:  606:                throw std::invalid_argument("Integer::Integer()");}
call    0 never executed
call    1 never executed
call    2 never executed
branch  3 never executed
branch  4 never executed
call    5 never executed
branch  6 never executed
branch  7 never executed
call    8 never executed
call    9 never executed
call   10 never executed
call   11 never executed
call   12 never executed
call   13 never executed
call   14 returned 100%
call   15 returned 100%
call   16 returned 100%
branch 17 taken 100% (fallthrough)
branch 18 taken 0% (throw)
call   19 returned 100%
branch 20 taken 100% (fallthrough)
branch 21 taken 0% (throw)
call   22 returned 100%
call   23 returned 100%
call   24 returned 100%
call   25 never executed
call   26 never executed
call   27 never executed
        -:  607:
        -:  608:        // Default copy, destructor, and copy assignment.
        -:  609:        // Integer (const Integer&);
        -:  610:        // ~Integer ();
        -:  611:        // Integer& operator = (const Integer&);
        -:  612:
        -:  613:        // ----------
        -:  614:        // operator -
        -:  615:        // ----------
        -:  616:
        -:  617:        /**
        -:  618:         * @result return negation of *this
        -:  619:         */
function _ZNK7IntegerIiSt6vectorIiSaIiEEEngEv called 2 returned 100% blocks executed 100%
        2:  620:        Integer operator - () const {
        -:  621:            	// <your code> - edited
        2:  622:        Integer<T, C> temp (*this);
call    0 returned 100%
        2:  623:		temp.neg = (!temp.neg);
        2:  624:        return temp;}
        -:  625:
        -:  626:        // -----------
        -:  627:        // operator ++
        -:  628:        // -----------
        -:  629:
        -:  630:        /**
        -:  631:         * @return returns lvalue of this incremented by 1
        -:  632:         * Calls +=1
        -:  633:         */
        -:  634:        Integer& operator ++ () {
        -:  635:            *this += 1;
        -:  636:            return *this;}
        -:  637:
        -:  638:        /**
        -:  639:         * @return returns rvalue of this, then *this is incremented by 1
        -:  640:         */
        -:  641:        Integer operator ++ (int) {
        -:  642:            Integer x = *this;
        -:  643:            ++(*this);
        -:  644:            return x;}
        -:  645:
        -:  646:        // -----------
        -:  647:        // operator --
        -:  648:        // -----------
        -:  649:
        -:  650:        /**
        -:  651:         * @return returns lvalue of *this decremented by 1
        -:  652:         */
        -:  653:        Integer& operator -- () {
        -:  654:            *this -= 1;
        -:  655:            return *this;}
        -:  656:
        -:  657:        /**
        -:  658:         * @return return rvalue of *this, then *this is decremented by 1
        -:  659:         */
        -:  660:        Integer operator -- (int) {
        -:  661:            Integer x = *this;
        -:  662:            --(*this);
        -:  663:            return x;}
        -:  664:
        -:  665:        // -----------
        -:  666:        // operator +=
        -:  667:        // -----------
        -:  668:
        -:  669:        /**
        -:  670:         * @param const Integer& rhs
        -:  671:         * @return lvalue of *this+=rhs
        -:  672:         * lhs= lhs+rhs
        -:  673:         * Does basic integer addition
        -:  674:         */
function _ZN7IntegerIiSt6vectorIiSaIiEEEpLERKS3_ called 3 returned 100% blocks executed 91%
        3:  675:        Integer& operator += (const Integer& rhs) {
        -:  676:            
        3:  677:            auto b1 = _x.begin();
call    0 returned 100%
        3:  678:            auto e1 = _x.end();
call    0 returned 100%
        3:  679:            auto b2 = rhs._x.begin();
call    0 returned 100%
        3:  680:            auto e2 = rhs._x.end();
call    0 returned 100%
        3:  681:             int size= rhs._x.size()+_x.size();
call    0 returned 100%
call    1 returned 100%
        3:  682:            Integer <T,C> temp (0);
call    0 returned 100%
branch  1 taken 100% (fallthrough)
branch  2 taken 0% (throw)
       15:  683:            for (int i=0; i<size; i++)
branch  0 taken 80%
branch  1 taken 20% (fallthrough)
       12:  684:                temp._x.push_back(0);
call    0 returned 100%
branch  1 taken 100% (fallthrough)
branch  2 taken 0% (throw)
        -:  685:        
        3:  686:            plus_digits (b1, e1, b2, e2, temp._x.begin());
call    0 returned 100%
call    1 returned 100%
branch  2 taken 100% (fallthrough)
branch  3 taken 0% (throw)
        -:  687:            
        3:  688:             auto iter_end = temp._x.end();
call    0 returned 100%
       13:  689:            while (*(--iter_end)==0 && temp._x.size()>1){
call    0 returned 100%
call    1 returned 100%
branch  2 taken 70% (fallthrough)
branch  3 taken 30%
call    4 returned 100%
branch  5 taken 100% (fallthrough)
branch  6 taken 0%
branch  7 taken 70%
branch  8 taken 30% (fallthrough)
        7:  690:                temp._x.pop_back();
call    0 returned 100%
branch  1 taken 100% (fallthrough)
branch  2 taken 0% (throw)
        -:  691:            }
        -:  692:            
        3:  693:            *this=temp;
call    0 returned 100%
branch  1 taken 100% (fallthrough)
branch  2 taken 0% (throw)
        3:  694:            return *this;}
call    0 returned 100%
call    1 never executed
        -:  695:
        -:  696:        // -----------
        -:  697:        // operator -=
        -:  698:        // -----------
        -:  699:
        -:  700:        /**
        -:  701:         * @param const Integer& rhs
        -:  702:         * @return lvalue of *this-=rhs
        -:  703:         * lhs= lhs-rhs
        -:  704:         * Does basic integer subtraction
        -:  705:         */
function _ZN7IntegerIiSt6vectorIiSaIiEEEmIERKS3_ called 11 returned 100% blocks executed 88%
       11:  706:        Integer& operator -= (const Integer& rhs) {
       11:  707:            	Integer<T, C> temp (0);
call    0 returned 100%
branch  1 taken 100% (fallthrough)
branch  2 taken 0% (throw)
       11:  708:            	int size= rhs._x.size()+_x.size(); 
call    0 returned 100%
call    1 returned 100%
       46:  709:            	for (int i=0; i<size; i++)
branch  0 taken 76%
branch  1 taken 24% (fallthrough)
       35:  710:                    	temp._x.push_back(0);
call    0 returned 100%
branch  1 taken 100% (fallthrough)
branch  2 taken 0% (throw)
        -:  711:
        -:  712:
       11:  713:       	   	if(neg && !rhs.neg){
branch  0 taken 64% (fallthrough)
branch  1 taken 36%
branch  2 taken 57% (fallthrough)
branch  3 taken 43%
        4:  714:			plus_digits(_x.begin(), _x.end(), rhs._x.begin(), rhs._x.end(), temp._x.begin());
call    0 returned 100%
call    1 returned 100%
call    2 returned 100%
call    3 returned 100%
call    4 returned 100%
call    5 returned 100%
branch  6 taken 100% (fallthrough)
branch  7 taken 0% (throw)
        4:  715:			temp.neg = true;
        -:  716:	    	}
        7:  717:		else if(!neg && rhs.neg){
branch  0 taken 57% (fallthrough)
branch  1 taken 43%
branch  2 taken 25% (fallthrough)
branch  3 taken 75%
        1:  718:			plus_digits(_x.begin(), _x.end(), rhs._x.begin(), rhs._x.end(), temp._x.begin());
call    0 returned 100%
call    1 returned 100%
call    2 returned 100%
call    3 returned 100%
call    4 returned 100%
call    5 returned 100%
branch  6 taken 100% (fallthrough)
branch  7 taken 0% (throw)
        1:  719:                        temp.neg = false;
        -:  720:		}
        -:  721:	    	else{    			
        -:  722:			bool normal;
        6:  723:			Integer o = *this;
call    0 returned 100%
branch  1 taken 100% (fallthrough)
branch  2 taken 0% (throw)
       12:  724:			Integer t = rhs;
call    0 returned 100%
branch  1 taken 100% (fallthrough)
branch  2 taken 0% (throw)
call    3 returned 100%
call    4 never executed
        6:  725:			normal =  o.abs() > t.abs();
call    0 returned 100%
call    1 returned 100%
call    2 returned 100%
branch  3 taken 100% (fallthrough)
branch  4 taken 0% (throw)
        -:  726:	
        6:  727:                	if (normal){
branch  0 taken 83% (fallthrough)
branch  1 taken 17%
        5:  728:                    		minus_digits (_x.begin(), _x.end(), rhs._x.begin(), rhs._x.end(), temp._x.begin());
call    0 returned 100%
call    1 returned 100%
call    2 returned 100%
call    3 returned 100%
call    4 returned 100%
call    5 returned 100%
branch  6 taken 100% (fallthrough)
branch  7 taken 0% (throw)
        5:  729:				temp.neg = neg;
        -:  730:			}
        -:  731:                	else{
        1:  732:                    		minus_digits (rhs._x.begin(), rhs._x.end(), _x.begin(), _x.end(), temp._x.begin());
call    0 returned 100%
call    1 returned 100%
call    2 returned 100%
call    3 returned 100%
call    4 returned 100%
call    5 returned 100%
branch  6 taken 100% (fallthrough)
branch  7 taken 0% (throw)
        1:  733:				if(neg && rhs.neg)
branch  0 taken 100% (fallthrough)
branch  1 taken 0%
branch  2 taken 100% (fallthrough)
branch  3 taken 0%
        1:  734:					temp.neg = false;
        -:  735:				else
    #####:  736:					temp.neg = rhs.neg;
        6:  737:			}
call    0 returned 100%
call    1 never executed
        -:  738:            	}
        -:  739:
       11:  740:            	auto iter_end = temp._x.end();
call    0 returned 100%
       45:  741:            	while (*(--iter_end)==0 && temp._x.size()>1){ 
call    0 returned 100%
call    1 returned 100%
branch  2 taken 68% (fallthrough)
branch  3 taken 32%
call    4 returned 100%
branch  5 taken 100% (fallthrough)
branch  6 taken 0%
branch  7 taken 68%
branch  8 taken 32% (fallthrough)
       23:  742:			temp._x.pop_back();
call    0 returned 100%
branch  1 taken 100% (fallthrough)
branch  2 taken 0% (throw)
        -:  743:            	}
        -:  744:		
       11:  745:            	*this=temp;
call    0 returned 100%
branch  1 taken 100% (fallthrough)
branch  2 taken 0% (throw)
       11:  746:            	return *this;}
call    0 returned 100%
call    1 never executed
        -:  747:
        -:  748:        // -----------
        -:  749:        // operator *=
        -:  750:        // -----------
        -:  751:
        -:  752:        /**:
        -:  753:         * @param const Integer& rhs
        -:  754:         * @return lvalue of *this*=rhs, lvalue.size() <= *this.size()+rhs.size()
        -:  755:         * lhs= lhs*rhs
        -:  756:         * Does basic integer multiplication
        -:  757:         */
function _ZN7IntegerIiSt6vectorIiSaIiEEEmLERKS3_ called 9 returned 100% blocks executed 91%
        9:  758:        Integer& operator *= (const Integer& rhs) {
        9:  759:            int size= rhs._x.size()+_x.size();
call    0 returned 100%
call    1 returned 100%
        9:  760:            Integer <T,C> temp (0);
call    0 returned 100%
branch  1 taken 100% (fallthrough)
branch  2 taken 0% (throw)
       35:  761:            for (int i=0; i<size; i++)
branch  0 taken 74%
branch  1 taken 26% (fallthrough)
       26:  762:                temp._x.push_back(0);
call    0 returned 100%
branch  1 taken 100% (fallthrough)
branch  2 taken 0% (throw)
        9:  763:            multiplies_digits (rhs._x.begin(), rhs._x.end(), _x.begin(), _x.end(), temp._x.begin());
call    0 returned 100%
call    1 returned 100%
call    2 returned 100%
call    3 returned 100%
call    4 returned 100%
call    5 returned 100%
branch  6 taken 100% (fallthrough)
branch  7 taken 0% (throw)
        -:  764:            
        9:  765:            auto iter_end = temp._x.end();
call    0 returned 100%
        -:  766:            
       36:  767:            while (*(--iter_end)==0 && temp._x.size()>1){
call    0 returned 100%
call    1 returned 100%
branch  2 taken 78% (fallthrough)
branch  3 taken 22%
call    4 returned 100%
branch  5 taken 86% (fallthrough)
branch  6 taken 14%
branch  7 taken 67%
branch  8 taken 33% (fallthrough)
       18:  768:                temp._x.pop_back(); 
call    0 returned 100%
branch  1 taken 100% (fallthrough)
branch  2 taken 0% (throw)
        -:  769:            }
        -:  770:	     
        9:  771:            temp.neg= neg ^ rhs.neg;
        9:  772:            *this=temp;
call    0 returned 100%
branch  1 taken 100% (fallthrough)
branch  2 taken 0% (throw)
        -:  773:            
        9:  774:            return *this;}
call    0 returned 100%
call    1 never executed
        -:  775:
        -:  776:        // -----------
        -:  777:        // operator /=
        -:  778:        // -----------
        -:  779:
        -:  780:        /**
        -:  781:         * @param const Integer& rhs
        -:  782:         * @return lvalue of *this/=rhs, lvalue.size() <= *this.size()
        -:  783:         * lhs= lhs*rhs
        -:  784:         * Does basic integer division
        -:  785:         * @throws invalid_argument if (rhs == 0)
        -:  786:         */
        -:  787:        Integer& operator /= (const Integer& rhs) {
        -:  788:            if (rhs._x.size()==0)
        -:  789:                throw std::invalid_argument("Integer::Integer()");
        -:  790:
        -:  791:            // <your code>
        -:  792:            return *this;}
        -:  793:
        -:  794:        // -----------
        -:  795:        // operator %=
        -:  796:        // -----------
        -:  797:
        -:  798:        /**
        -:  799:         * @param const Integer& rhs
        -:  800:         * @return lvalue of *this%=rhs, lvalue.size() <= rhs.size()
        -:  801:         * lhs= lhs%rhs
        -:  802:         * Does basic integer modulo
        -:  803:
        -:  804:         * @throws invalid_argument if (rhs <= 0)
        -:  805:         */
        -:  806:        Integer& operator %= (const Integer& rhs) {
        -:  807:            if (rhs._x.size()==0)
        -:  808:                throw std::invalid_argument("Integer::Integer()");
        -:  809:
        -:  810:
        -:  811:            // <your code>
        -:  812:            return *this;}
        -:  813:
        -:  814:        // ------------
        -:  815:        // operator <<=
        -:  816:        // ------------
        -:  817:        /**
        -:  818:         * @param int n
        -:  819:         * @return lvalue &this<< n time
        -:  820:         * if *this=100, n=2, result *this==10000
        -:  821:         */
function _ZN7IntegerIiSt6vectorIiSaIiEEElSEi called 3 returned 100% blocks executed 90%
        3:  822:        Integer& operator <<= (int n) {
        3:  823:            int size= _x.size()+n;
call    0 returned 100%
        3:  824:            Integer <T,C> temp (0);
call    0 returned 100%
branch  1 taken 100% (fallthrough)
branch  2 taken 0% (throw)
       21:  825:            for (int i=0; i<size; i++)
branch  0 taken 86%
branch  1 taken 14% (fallthrough)
       18:  826:                temp._x.push_back(0);
call    0 returned 100%
branch  1 taken 100% (fallthrough)
branch  2 taken 0% (throw)
        3:  827:            shift_left_digits (_x.begin(), _x.end(), n, temp._x.begin());
call    0 returned 100%
call    1 returned 100%
call    2 returned 100%
call    3 returned 100%
branch  4 taken 100% (fallthrough)
branch  5 taken 0% (throw)
        -:  828:            //printf ("%d %d %d %d \n", _x[0], _x[1], _x[2], _x[3]);
        3:  829:            auto iter_end = temp._x.end();
call    0 returned 100%
        -:  830:
        9:  831:            while (*(--iter_end)==0 && temp._x.size()>1){
call    0 returned 100%
call    1 returned 100%
branch  2 taken 50% (fallthrough)
branch  3 taken 50%
call    4 returned 100%
branch  5 taken 100% (fallthrough)
branch  6 taken 0%
branch  7 taken 50%
branch  8 taken 50% (fallthrough)
        3:  832:                temp._x.pop_back();
call    0 returned 100%
branch  1 taken 100% (fallthrough)
branch  2 taken 0% (throw)
        -:  833:            }
        3:  834:	    *this = temp;
call    0 returned 100%
branch  1 taken 100% (fallthrough)
branch  2 taken 0% (throw)
        3:  835:            return *this;}
call    0 returned 100%
call    1 never executed
        -:  836:
        -:  837:        // ------------
        -:  838:        // operator >>=
        -:  839:        // ------------
        -:  840:
        -:  841:        /**
        -:  842:         * @param int n
        -:  843:         * @return lvalue &this>> n time
        -:  844:         * if *this=100, n=2, result *this==1
        -:  845:         */
function _ZN7IntegerIiSt6vectorIiSaIiEEErSEi called 3 returned 100% blocks executed 90%
        3:  846:        Integer& operator >>= (int n) {
        3:  847:            int size= _x.size();
call    0 returned 100%
        3:  848:            Integer <T,C> temp (0);
call    0 returned 100%
branch  1 taken 100% (fallthrough)
branch  2 taken 0% (throw)
       12:  849:            for (int i=0; i<size; i++)
branch  0 taken 75%
branch  1 taken 25% (fallthrough)
        9:  850:                temp._x.push_back(0);
call    0 returned 100%
branch  1 taken 100% (fallthrough)
branch  2 taken 0% (throw)
        3:  851:            shift_right_digits (_x.begin(), _x.end(), n, temp._x.begin());
call    0 returned 100%
call    1 returned 100%
call    2 returned 100%
call    3 returned 100%
branch  4 taken 100% (fallthrough)
branch  5 taken 0% (throw)
        -:  852:            //printf ("%d %d %d %d \n", _x[0], _x[1], _x[2], _x[3]);
        3:  853:            auto iter_end = temp._x.end();
call    0 returned 100%
        -:  854:
       14:  855:            while (*(--iter_end)==0 && temp._x.size()>1){
call    0 returned 100%
call    1 returned 100%
branch  2 taken 82% (fallthrough)
branch  3 taken 18%
call    4 returned 100%
branch  5 taken 89% (fallthrough)
branch  6 taken 11%
branch  7 taken 73%
branch  8 taken 27% (fallthrough)
        8:  856:                temp._x.pop_back();
call    0 returned 100%
branch  1 taken 100% (fallthrough)
branch  2 taken 0% (throw)
        -:  857:            }
        3:  858:            *this = temp;
call    0 returned 100%
branch  1 taken 100% (fallthrough)
branch  2 taken 0% (throw)
        3:  859:            return *this;}
call    0 returned 100%
call    1 never executed
        -:  860:
        -:  861:        // ---
        -:  862:        // abs
        -:  863:        // ---
        -:  864:
        -:  865:        /**
        -:  866:         * absolute value
        -:  867:         * @return lvalue |*this|
        -:  868:         */
function _ZN7IntegerIiSt6vectorIiSaIiEEE3absEv called 12 returned 100% blocks executed 100%
       12:  869:        Integer& abs () {
       12:  870:            neg=false;
       12:  871:            return *this;}
        -:  872:
        -:  873:        // ---
        -:  874:        // pow
        -:  875:        // ---
        -:  876:
        -:  877:        /**
        -:  878:         * power
        -:  879:         * @param int e, must be >=0
        -:  880:         * @param *this int, _x.size() must be > 0
        -:  881:         * @throws invalid_argument if ((this == 0) && (e == 0)) or (e < 0)
        -:  882:         * raises *this to the power of e, so if *this==3, e==3, result==27
        -:  883:         */
function _ZN7IntegerIiSt6vectorIiSaIiEEE3powEi called 14 returned 86% blocks executed 67%
       14:  884:        Integer& pow (int e) {
       14:  885:            if ((_x.size()==1 && _x[0]==0 && e==0) || e<0 || _x.size()==0)
call    0 returned 100%
branch  1 taken 100% (fallthrough)
branch  2 taken 0%
call    3 returned 100%
branch  4 taken 36% (fallthrough)
branch  5 taken 64%
branch  6 taken 80% (fallthrough)
branch  7 taken 20%
branch  8 taken 92% (fallthrough)
branch  9 taken 8%
call   10 returned 100%
branch 11 taken 0% (fallthrough)
branch 12 taken 100%
branch 13 taken 14% (fallthrough)
branch 14 taken 86%
        2:  886:                throw std::invalid_argument("Integer::Integer()");
call    0 returned 100%
call    1 returned 100%
call    2 returned 100%
branch  3 taken 100% (fallthrough)
branch  4 taken 0% (throw)
call    5 returned 100%
branch  6 taken 100% (fallthrough)
branch  7 taken 0% (throw)
call    8 returned 100%
call    9 returned 100%
call   10 returned 0%
call   11 never executed
call   12 never executed
call   13 never executed
call   14 never executed
        -:  887:
        -:  888:
        -:  889:            
        -:  890:            //*this=pow_aux(e, *this);
       12:  891:            if (e==0){
branch  0 taken 0% (fallthrough)
branch  1 taken 100%
    #####:  892:                *this= Integer <T,C> (1);
call    0 never executed
call    1 never executed
call    2 never executed
    #####:  893:                return *this;
        -:  894:            }
       12:  895:            else if (e==1)
branch  0 taken 75% (fallthrough)
branch  1 taken 25%
        9:  896:                return *this;
        -:  897:            else{
        3:  898:                Integer <T,C> temp1(*this);
call    0 returned 100%
branch  1 taken 100% (fallthrough)
branch  2 taken 0% (throw)
        6:  899:                Integer <T,C> temp2(*this);
call    0 returned 100%
branch  1 taken 100% (fallthrough)
branch  2 taken 0% (throw)
call    3 returned 100%
call    4 never executed
        6:  900:                Integer <T,C> temp3(*this);
call    0 returned 100%
branch  1 taken 100% (fallthrough)
branch  2 taken 0% (throw)
call    3 returned 100%
call    4 never executed
        3:  901:             *this=temp1.pow(e/2)*temp2.pow(e/2)*temp3.pow(e%2);
call    0 returned 100%
branch  1 taken 100% (fallthrough)
branch  2 taken 0% (throw)
call    3 returned 100%
branch  4 taken 100% (fallthrough)
branch  5 taken 0% (throw)
call    6 returned 100%
branch  7 taken 100% (fallthrough)
branch  8 taken 0% (throw)
call    9 returned 100%
branch 10 taken 100% (fallthrough)
branch 11 taken 0% (throw)
call   12 returned 100%
branch 13 taken 100% (fallthrough)
branch 14 taken 0% (throw)
call   15 returned 100%
branch 16 taken 100% (fallthrough)
branch 17 taken 0% (throw)
call   18 returned 100%
call   19 returned 100%
call   20 returned 100%
call   21 returned 100%
call   22 never executed
call   23 never executed
        6:  902:             return *this;}
call    0 returned 100%
call    1 never executed
        -:  903:        }
        -:  904:      
        -:  905:            
        -:  906:
        -:  907:
        -:  908:
        -:  909:
        -:  910:
        -:  911:};
        -:  912:#endif // Integer_h
